<?xml version="1.0" encoding="UTF-8"?>
<!-- Generated by org.testng.reporters.JUnitXMLReporter -->
<testsuite ignored="0" hostname="BSC-5CG8102F0Z" failures="0" tests="7" name="Default test" time="29.448" errors="0" timestamp="16 Sep 2021 04:44:18 GMT">
  <testcase classname="dataProvider.GoogleSearch" name="googleIt" time="5.634"/>
  <testcase classname="dataProvider.GoogleSearch" name="googleIt" time="4.372"/>
  <testcase classname="dataProvider.GoogleSearch" name="googleIt" time="4.418"/>
  <testcase classname="dataProvider.GoogleSearch" name="googleIt" time="4.073"/>
  <testcase classname="dataProvider.GoogleSearch" name="googleIt" time="4.434"/>
  <testcase classname="dataProvider.GoogleSearch" name="googleIt" time="4.648"/>
  <testcase classname="dataProvider.GoogleSearch" name="setExcel" time="0.143"/>
</testsuite> <!-- Default test -->
