<?xml version="1.0" encoding="UTF-8"?>
<testng-results ignored="0" total="7" passed="7" failed="0" skipped="0">
  <reporter-output>
  </reporter-output>
  <suite started-at="2021-09-16T04:43:49Z" name="Default suite" finished-at="2021-09-16T04:44:18Z" duration-ms="29448">
    <groups>
    </groups>
    <test started-at="2021-09-16T04:43:49Z" name="Default test" finished-at="2021-09-16T04:44:18Z" duration-ms="29448">
      <class name="dataProvider.GoogleSearch">
        <test-method is-config="true" signature="beforeTest()[pri:0, instance:dataProvider.GoogleSearch@cb0755b]" started-at="2021-09-16T04:43:49Z" name="beforeTest" finished-at="2021-09-16T04:43:49Z" duration-ms="10" status="PASS">
          <reporter-output>
          </reporter-output>
        </test-method> <!-- beforeTest -->
        <test-method signature="googleIt(java.lang.String)[pri:0, instance:dataProvider.GoogleSearch@cb0755b]" started-at="2021-09-16T04:43:49Z" name="googleIt" data-provider="dp" finished-at="2021-09-16T04:43:55Z" duration-ms="5634" status="PASS">
          <params>
            <param index="0">
              <value>
                <![CDATA[Test]]>
              </value>
            </param>
          </params>
          <reporter-output>
          </reporter-output>
        </test-method> <!-- googleIt -->
        <test-method is-config="true" signature="burnDown()[pri:0, instance:dataProvider.GoogleSearch@cb0755b]" started-at="2021-09-16T04:43:55Z" name="burnDown" finished-at="2021-09-16T04:43:55Z" duration-ms="174" status="PASS">
          <reporter-output>
          </reporter-output>
        </test-method> <!-- burnDown -->
        <test-method signature="googleIt(java.lang.String)[pri:0, instance:dataProvider.GoogleSearch@cb0755b]" started-at="2021-09-16T04:43:55Z" name="googleIt" data-provider="dp" finished-at="2021-09-16T04:44:00Z" duration-ms="4372" status="PASS">
          <params>
            <param index="0">
              <value>
                <![CDATA[google]]>
              </value>
            </param>
          </params>
          <reporter-output>
          </reporter-output>
        </test-method> <!-- googleIt -->
        <test-method is-config="true" signature="burnDown()[pri:0, instance:dataProvider.GoogleSearch@cb0755b]" started-at="2021-09-16T04:44:00Z" name="burnDown" finished-at="2021-09-16T04:44:00Z" duration-ms="148" status="PASS">
          <reporter-output>
          </reporter-output>
        </test-method> <!-- burnDown -->
        <test-method signature="googleIt(java.lang.String)[pri:0, instance:dataProvider.GoogleSearch@cb0755b]" started-at="2021-09-16T04:44:00Z" name="googleIt" data-provider="dp" finished-at="2021-09-16T04:44:04Z" duration-ms="4418" status="PASS">
          <params>
            <param index="0">
              <value>
                <![CDATA[amazon]]>
              </value>
            </param>
          </params>
          <reporter-output>
          </reporter-output>
        </test-method> <!-- googleIt -->
        <test-method is-config="true" signature="burnDown()[pri:0, instance:dataProvider.GoogleSearch@cb0755b]" started-at="2021-09-16T04:44:04Z" name="burnDown" finished-at="2021-09-16T04:44:04Z" duration-ms="155" status="PASS">
          <reporter-output>
          </reporter-output>
        </test-method> <!-- burnDown -->
        <test-method signature="googleIt(java.lang.String)[pri:0, instance:dataProvider.GoogleSearch@cb0755b]" started-at="2021-09-16T04:44:04Z" name="googleIt" data-provider="dp" finished-at="2021-09-16T04:44:08Z" duration-ms="4073" status="PASS">
          <params>
            <param index="0">
              <value>
                <![CDATA[yahoo]]>
              </value>
            </param>
          </params>
          <reporter-output>
          </reporter-output>
        </test-method> <!-- googleIt -->
        <test-method is-config="true" signature="burnDown()[pri:0, instance:dataProvider.GoogleSearch@cb0755b]" started-at="2021-09-16T04:44:08Z" name="burnDown" finished-at="2021-09-16T04:44:09Z" duration-ms="191" status="PASS">
          <reporter-output>
          </reporter-output>
        </test-method> <!-- burnDown -->
        <test-method signature="googleIt(java.lang.String)[pri:0, instance:dataProvider.GoogleSearch@cb0755b]" started-at="2021-09-16T04:44:09Z" name="googleIt" data-provider="dp" finished-at="2021-09-16T04:44:13Z" duration-ms="4434" status="PASS">
          <params>
            <param index="0">
              <value>
                <![CDATA[instagram]]>
              </value>
            </param>
          </params>
          <reporter-output>
          </reporter-output>
        </test-method> <!-- googleIt -->
        <test-method is-config="true" signature="burnDown()[pri:0, instance:dataProvider.GoogleSearch@cb0755b]" started-at="2021-09-16T04:44:13Z" name="burnDown" finished-at="2021-09-16T04:44:13Z" duration-ms="162" status="PASS">
          <reporter-output>
          </reporter-output>
        </test-method> <!-- burnDown -->
        <test-method signature="googleIt(java.lang.String)[pri:0, instance:dataProvider.GoogleSearch@cb0755b]" started-at="2021-09-16T04:44:13Z" name="googleIt" data-provider="dp" finished-at="2021-09-16T04:44:18Z" duration-ms="4648" status="PASS">
          <params>
            <param index="0">
              <value>
                <![CDATA[linkedin]]>
              </value>
            </param>
          </params>
          <reporter-output>
          </reporter-output>
        </test-method> <!-- googleIt -->
        <test-method is-config="true" signature="burnDown()[pri:0, instance:dataProvider.GoogleSearch@cb0755b]" started-at="2021-09-16T04:44:18Z" name="burnDown" finished-at="2021-09-16T04:44:18Z" duration-ms="153" status="PASS">
          <reporter-output>
          </reporter-output>
        </test-method> <!-- burnDown -->
        <test-method signature="setExcel()[pri:0, instance:dataProvider.GoogleSearch@cb0755b]" started-at="2021-09-16T04:44:18Z" name="setExcel" finished-at="2021-09-16T04:44:18Z" duration-ms="143" status="PASS">
          <reporter-output>
          </reporter-output>
        </test-method> <!-- setExcel -->
        <test-method is-config="true" signature="burnDown()[pri:0, instance:dataProvider.GoogleSearch@cb0755b]" started-at="2021-09-16T04:44:18Z" name="burnDown" finished-at="2021-09-16T04:44:18Z" duration-ms="1" status="PASS">
          <reporter-output>
          </reporter-output>
        </test-method> <!-- burnDown -->
      </class> <!-- dataProvider.GoogleSearch -->
    </test> <!-- Default test -->
  </suite> <!-- Default suite -->
</testng-results>
